<!DOCTYPE html PUBLIC "-//W3C//DTD XHTML 1.1//EN" "https://www.w3.org/TR/xhtml11/DTD/xhtml11.dtd">
<html xmlns="https://www.w3.org/1999/xhtml">
<head>
<meta http-equiv="content-type" content="text/html; charset=UTF-8"/>
<title>TestNG Report</title>
<style type="text/css">table {margin-bottom:10px;border-collapse:collapse;empty-cells:show}th,td {border:1px solid #009;padding:.25em .5em}th {vertical-align:bottom}td {vertical-align:top}table a {font-weight:bold}.stripe td {background-color: #E6EBF9}.num {text-align:right}.passedodd td {background-color: #3F3}.passedeven td {background-color: #0A0}.skippedodd td {background-color: #DDD}.skippedeven td {background-color: #CCC}.failedodd td,.attn {background-color: #F33}.failedeven td,.stripe .attn {background-color: #D00}.stacktrace {white-space:pre;font-family:monospace}.totop {font-size:85%;text-align:center;border-bottom:2px solid #000}.invisible {display:none}</style>
</head>
<body>
<table>
<tr><th>Test</th><th># Passed</th><th># Skipped</th><th># Retried</th><th># Failed</th><th>Time (ms)</th><th>Included Groups</th><th>Excluded Groups</th></tr>
<tr><th colspan="8">Test-Suite</th></tr>
<tr><td><a href="#t0">ToolsQA</a></td><td class="num">0</td><td class="num attn">1</td><td class="num">0</td><td class="num">0</td><td class="num">2,546</td><td></td><td></td></tr>
</table>
<table id='summary'><thead><tr><th>Class</th><th>Method</th><th>Start</th><th>Time (ms)</th></tr></thead><tbody><tr><th colspan="4">Test-Suite</th></tr></tbody><tbody id="t0"><tr><th colspan="4">ToolsQA &#8212; failed (configuration methods)</th></tr><tr class="failedeven"><td rowspan="1">selenium.NewTest</td><td><a href="#m0">openWebsite</a></td><td rowspan="1">1591027721966</td><td rowspan="1">2456</td></tr><tr><th colspan="4">ToolsQA &#8212; skipped (configuration methods)</th></tr><tr class="skippedeven"><td rowspan="1">selenium.NewTest</td><td><a href="#m1">afterTest</a></td><td rowspan="1">1591027724470</td><td rowspan="1">-1591027724470</td></tr><tr><th colspan="4">ToolsQA &#8212; skipped</th></tr><tr class="skippedeven"><td rowspan="1">selenium.NewTest</td><td><a href="#m2">f</a></td><td rowspan="1">1591027724452</td><td rowspan="1">0</td></tr></tbody>
</table>
<h2>ToolsQA</h2><h3 id="m0">selenium.NewTest#openWebsite</h3><table class="result"><tr><th>Exception</th></tr><tr><td><div class="stacktrace">org.openqa.selenium.SessionNotCreatedException: session not created: This version of ChromeDriver only supports Chrome version 80
Build info: version: &apos;3.141.59&apos;, revision: &apos;e82be7d358&apos;, time: &apos;2018-11-14T08:25:48&apos;
System info: host: &apos;HAP-131&apos;, ip: &apos;192.168.0.102&apos;, os.name: &apos;Windows 10&apos;, os.arch: &apos;amd64&apos;, os.version: &apos;10.0&apos;, java.version: &apos;1.8.0_241&apos;
Driver info: driver.version: ChromeDriver
remote stacktrace: Backtrace:
	Ordinal0 [0x00B20C83+1707139]
	Ordinal0 [0x00A868F1+1075441]
	Ordinal0 [0x009FDFC9+516041]
	Ordinal0 [0x00990554+66900]
	Ordinal0 [0x0098CCE2+52450]
	Ordinal0 [0x009ABFD7+180183]
	Ordinal0 [0x009ABDDD+179677]
	Ordinal0 [0x009A9D4B+171339]
	Ordinal0 [0x00991D4A+73034]
	Ordinal0 [0x00992DC0+77248]
	Ordinal0 [0x00992D59+77145]
	Ordinal0 [0x00A9BB67+1162087]
	GetHandleVerifier [0x00BBA966+508998]
	GetHandleVerifier [0x00BBA6A4+508292]
	GetHandleVerifier [0x00BCF7B7+594583]
	GetHandleVerifier [0x00BBB1D6+511158]
	Ordinal0 [0x00A9402C+1130540]
	Ordinal0 [0x00A9D4CB+1168587]
	Ordinal0 [0x00A9D633+1168947]
	Ordinal0 [0x00AB5B35+1268533]
	BaseThreadInitThunk [0x773B0419+25]
	RtlGetAppContainerNamedObjectPath [0x77B566DD+237]
	RtlGetAppContainerNamedObjectPath [0x77B566AD+189]

	at org.openqa.selenium.remote.W3CHandshakeResponse.lambda$errorHandler$0(W3CHandshakeResponse.java:62)
	at org.openqa.selenium.remote.HandshakeResponse.lambda$getResponseFunction$0(HandshakeResponse.java:30)
	at org.openqa.selenium.remote.ProtocolHandshake.lambda$createSession$0(ProtocolHandshake.java:126)
	at java.util.stream.ReferencePipeline$3$1.accept(ReferencePipeline.java:193)
	at java.util.Spliterators$ArraySpliterator.tryAdvance(Spliterators.java:958)
	at java.util.stream.ReferencePipeline.forEachWithCancel(ReferencePipeline.java:126)
	at java.util.stream.AbstractPipeline.copyIntoWithCancel(AbstractPipeline.java:499)
	at java.util.stream.AbstractPipeline.copyInto(AbstractPipeline.java:486)
	at java.util.stream.AbstractPipeline.wrapAndCopyInto(AbstractPipeline.java:472)
	at java.util.stream.FindOps$FindOp.evaluateSequential(FindOps.java:152)
	at java.util.stream.AbstractPipeline.evaluate(AbstractPipeline.java:234)
	at java.util.stream.ReferencePipeline.findFirst(ReferencePipeline.java:464)
	at org.openqa.selenium.remote.ProtocolHandshake.createSession(ProtocolHandshake.java:128)
	at org.openqa.selenium.remote.ProtocolHandshake.createSession(ProtocolHandshake.java:74)
	at org.openqa.selenium.remote.HttpCommandExecutor.execute(HttpCommandExecutor.java:136)
	at org.openqa.selenium.remote.service.DriverCommandExecutor.execute(DriverCommandExecutor.java:83)
	at org.openqa.selenium.remote.RemoteWebDriver.execute(RemoteWebDriver.java:552)
	at org.openqa.selenium.remote.RemoteWebDriver.startSession(RemoteWebDriver.java:213)
	at org.openqa.selenium.remote.RemoteWebDriver.&lt;init&gt;(RemoteWebDriver.java:131)
	at org.openqa.selenium.chrome.ChromeDriver.&lt;init&gt;(ChromeDriver.java:181)
	at org.openqa.selenium.chrome.ChromeDriver.&lt;init&gt;(ChromeDriver.java:168)
	at org.openqa.selenium.chrome.ChromeDriver.&lt;init&gt;(ChromeDriver.java:123)
	at selenium.NewTest.openWebsite(NewTest.java:29)
	at java.util.ArrayList.forEach(ArrayList.java:1257)
... Removed 35 stack frames</div></td></tr></table><p class="totop"><a href="#summary">back to summary</a></p>
<h3 id="m1">selenium.NewTest#afterTest</h3><table class="result"><tr><th class="invisible"/></tr></table><p class="totop"><a href="#summary">back to summary</a></p>
<h3 id="m2">selenium.NewTest#f</h3><table class="result"><tr><th>Exception</th></tr><tr><td><div class="stacktrace">org.openqa.selenium.SessionNotCreatedException: session not created: This version of ChromeDriver only supports Chrome version 80
Build info: version: &apos;3.141.59&apos;, revision: &apos;e82be7d358&apos;, time: &apos;2018-11-14T08:25:48&apos;
System info: host: &apos;HAP-131&apos;, ip: &apos;192.168.0.102&apos;, os.name: &apos;Windows 10&apos;, os.arch: &apos;amd64&apos;, os.version: &apos;10.0&apos;, java.version: &apos;1.8.0_241&apos;
Driver info: driver.version: ChromeDriver
remote stacktrace: Backtrace:
	Ordinal0 [0x00B20C83+1707139]
	Ordinal0 [0x00A868F1+1075441]
	Ordinal0 [0x009FDFC9+516041]
	Ordinal0 [0x00990554+66900]
	Ordinal0 [0x0098CCE2+52450]
	Ordinal0 [0x009ABFD7+180183]
	Ordinal0 [0x009ABDDD+179677]
	Ordinal0 [0x009A9D4B+171339]
	Ordinal0 [0x00991D4A+73034]
	Ordinal0 [0x00992DC0+77248]
	Ordinal0 [0x00992D59+77145]
	Ordinal0 [0x00A9BB67+1162087]
	GetHandleVerifier [0x00BBA966+508998]
	GetHandleVerifier [0x00BBA6A4+508292]
	GetHandleVerifier [0x00BCF7B7+594583]
	GetHandleVerifier [0x00BBB1D6+511158]
	Ordinal0 [0x00A9402C+1130540]
	Ordinal0 [0x00A9D4CB+1168587]
	Ordinal0 [0x00A9D633+1168947]
	Ordinal0 [0x00AB5B35+1268533]
	BaseThreadInitThunk [0x773B0419+25]
	RtlGetAppContainerNamedObjectPath [0x77B566DD+237]
	RtlGetAppContainerNamedObjectPath [0x77B566AD+189]

	at org.openqa.selenium.remote.W3CHandshakeResponse.lambda$errorHandler$0(W3CHandshakeResponse.java:62)
	at org.openqa.selenium.remote.HandshakeResponse.lambda$getResponseFunction$0(HandshakeResponse.java:30)
	at org.openqa.selenium.remote.ProtocolHandshake.lambda$createSession$0(ProtocolHandshake.java:126)
	at java.util.stream.ReferencePipeline$3$1.accept(ReferencePipeline.java:193)
	at java.util.Spliterators$ArraySpliterator.tryAdvance(Spliterators.java:958)
	at java.util.stream.ReferencePipeline.forEachWithCancel(ReferencePipeline.java:126)
	at java.util.stream.AbstractPipeline.copyIntoWithCancel(AbstractPipeline.java:499)
	at java.util.stream.AbstractPipeline.copyInto(AbstractPipeline.java:486)
	at java.util.stream.AbstractPipeline.wrapAndCopyInto(AbstractPipeline.java:472)
	at java.util.stream.FindOps$FindOp.evaluateSequential(FindOps.java:152)
	at java.util.stream.AbstractPipeline.evaluate(AbstractPipeline.java:234)
	at java.util.stream.ReferencePipeline.findFirst(ReferencePipeline.java:464)
	at org.openqa.selenium.remote.ProtocolHandshake.createSession(ProtocolHandshake.java:128)
	at org.openqa.selenium.remote.ProtocolHandshake.createSession(ProtocolHandshake.java:74)
	at org.openqa.selenium.remote.HttpCommandExecutor.execute(HttpCommandExecutor.java:136)
	at org.openqa.selenium.remote.service.DriverCommandExecutor.execute(DriverCommandExecutor.java:83)
	at org.openqa.selenium.remote.RemoteWebDriver.execute(RemoteWebDriver.java:552)
	at org.openqa.selenium.remote.RemoteWebDriver.startSession(RemoteWebDriver.java:213)
	at org.openqa.selenium.remote.RemoteWebDriver.&lt;init&gt;(RemoteWebDriver.java:131)
	at org.openqa.selenium.chrome.ChromeDriver.&lt;init&gt;(ChromeDriver.java:181)
	at org.openqa.selenium.chrome.ChromeDriver.&lt;init&gt;(ChromeDriver.java:168)
	at org.openqa.selenium.chrome.ChromeDriver.&lt;init&gt;(ChromeDriver.java:123)
	at selenium.NewTest.openWebsite(NewTest.java:29)
	at java.util.ArrayList.forEach(ArrayList.java:1257)
... Removed 35 stack frames</div></td></tr></table><p class="totop"><a href="#summary">back to summary</a></p>
</body>
</html>
