<?xml version="1.0" encoding="UTF-8"?>
<!-- Generated by org.testng.reporters.JUnitXMLReporter -->
<testsuite hostname="HAP-131" ignored="0" name="ToolsQA" tests="1" failures="0" timestamp="2020-06-01T21:38:44 IST" time="2.546" errors="0">
  <testcase name="@BeforeMethod openWebsite" time="2.456" classname="selenium.NewTest">
    <failure type="org.openqa.selenium.SessionNotCreatedException" message="session not created: This version of ChromeDriver only supports Chrome version 80
Build info: version: &amp;apos;3.141.59&amp;apos;, revision: &amp;apos;e82be7d358&amp;apos;, time: &amp;apos;2018-11-14T08:25:48&amp;apos;
System info: host: &amp;apos;HAP-131&amp;apos;, ip: &amp;apos;192.168.0.102&amp;apos;, os.name: &amp;apos;Windows 10&amp;apos;, os.arch: &amp;apos;amd64&amp;apos;, os.version: &amp;apos;10.0&amp;apos;, java.version: &amp;apos;1.8.0_241&amp;apos;
Driver info: driver.version: ChromeDriver
remote stacktrace: Backtrace:
	Ordinal0 [0x00B20C83+1707139]
	Ordinal0 [0x00A868F1+1075441]
	Ordinal0 [0x009FDFC9+516041]
	Ordinal0 [0x00990554+66900]
	Ordinal0 [0x0098CCE2+52450]
	Ordinal0 [0x009ABFD7+180183]
	Ordinal0 [0x009ABDDD+179677]
	Ordinal0 [0x009A9D4B+171339]
	Ordinal0 [0x00991D4A+73034]
	Ordinal0 [0x00992DC0+77248]
	Ordinal0 [0x00992D59+77145]
	Ordinal0 [0x00A9BB67+1162087]
	GetHandleVerifier [0x00BBA966+508998]
	GetHandleVerifier [0x00BBA6A4+508292]
	GetHandleVerifier [0x00BCF7B7+594583]
	GetHandleVerifier [0x00BBB1D6+511158]
	Ordinal0 [0x00A9402C+1130540]
	Ordinal0 [0x00A9D4CB+1168587]
	Ordinal0 [0x00A9D633+1168947]
	Ordinal0 [0x00AB5B35+1268533]
	BaseThreadInitThunk [0x773B0419+25]
	RtlGetAppContainerNamedObjectPath [0x77B566DD+237]
	RtlGetAppContainerNamedObjectPath [0x77B566AD+189]
">
      <![CDATA[org.openqa.selenium.SessionNotCreatedException: session not created: This version of ChromeDriver only supports Chrome version 80
Build info: version: '3.141.59', revision: 'e82be7d358', time: '2018-11-14T08:25:48'
System info: host: 'HAP-131', ip: '192.168.0.102', os.name: 'Windows 10', os.arch: 'amd64', os.version: '10.0', java.version: '1.8.0_241'
Driver info: driver.version: ChromeDriver
remote stacktrace: Backtrace:
Ordinal0 [0x00B20C83+1707139]
Ordinal0 [0x00A868F1+1075441]
Ordinal0 [0x009FDFC9+516041]
Ordinal0 [0x00990554+66900]
Ordinal0 [0x0098CCE2+52450]
Ordinal0 [0x009ABFD7+180183]
Ordinal0 [0x009ABDDD+179677]
Ordinal0 [0x009A9D4B+171339]
Ordinal0 [0x00991D4A+73034]
Ordinal0 [0x00992DC0+77248]
Ordinal0 [0x00992D59+77145]
Ordinal0 [0x00A9BB67+1162087]
GetHandleVerifier [0x00BBA966+508998]
GetHandleVerifier [0x00BBA6A4+508292]
GetHandleVerifier [0x00BCF7B7+594583]
GetHandleVerifier [0x00BBB1D6+511158]
Ordinal0 [0x00A9402C+1130540]
Ordinal0 [0x00A9D4CB+1168587]
Ordinal0 [0x00A9D633+1168947]
Ordinal0 [0x00AB5B35+1268533]
BaseThreadInitThunk [0x773B0419+25]
RtlGetAppContainerNamedObjectPath [0x77B566DD+237]
RtlGetAppContainerNamedObjectPath [0x77B566AD+189]

at org.openqa.selenium.remote.W3CHandshakeResponse.lambda$errorHandler$0(W3CHandshakeResponse.java:62)
at org.openqa.selenium.remote.HandshakeResponse.lambda$getResponseFunction$0(HandshakeResponse.java:30)
at org.openqa.selenium.remote.ProtocolHandshake.lambda$createSession$0(ProtocolHandshake.java:126)
at java.util.stream.ReferencePipeline$3$1.accept(ReferencePipeline.java:193)
at java.util.Spliterators$ArraySpliterator.tryAdvance(Spliterators.java:958)
at java.util.stream.ReferencePipeline.forEachWithCancel(ReferencePipeline.java:126)
at java.util.stream.AbstractPipeline.copyIntoWithCancel(AbstractPipeline.java:499)
at java.util.stream.AbstractPipeline.copyInto(AbstractPipeline.java:486)
at java.util.stream.AbstractPipeline.wrapAndCopyInto(AbstractPipeline.java:472)
at java.util.stream.FindOps$FindOp.evaluateSequential(FindOps.java:152)
at java.util.stream.AbstractPipeline.evaluate(AbstractPipeline.java:234)
at java.util.stream.ReferencePipeline.findFirst(ReferencePipeline.java:464)
at org.openqa.selenium.remote.ProtocolHandshake.createSession(ProtocolHandshake.java:128)
at org.openqa.selenium.remote.ProtocolHandshake.createSession(ProtocolHandshake.java:74)
at org.openqa.selenium.remote.HttpCommandExecutor.execute(HttpCommandExecutor.java:136)
at org.openqa.selenium.remote.service.DriverCommandExecutor.execute(DriverCommandExecutor.java:83)
at org.openqa.selenium.remote.RemoteWebDriver.execute(RemoteWebDriver.java:552)
at org.openqa.selenium.remote.RemoteWebDriver.startSession(RemoteWebDriver.java:213)
at org.openqa.selenium.remote.RemoteWebDriver.<init>(RemoteWebDriver.java:131)
at org.openqa.selenium.chrome.ChromeDriver.<init>(ChromeDriver.java:181)
at org.openqa.selenium.chrome.ChromeDriver.<init>(ChromeDriver.java:168)
at org.openqa.selenium.chrome.ChromeDriver.<init>(ChromeDriver.java:123)
at selenium.NewTest.openWebsite(NewTest.java:29)
at java.util.ArrayList.forEach(ArrayList.java:1257)
... Removed 35 stack frames]]>
    </failure>
  </testcase> <!-- @BeforeMethod openWebsite -->
  <testcase name="@AfterMethod afterTest" time="-1.59102772447E9" classname="selenium.NewTest">
    <skipped/>
  </testcase> <!-- @AfterMethod afterTest -->
  <testcase name="f" time="0.0" classname="selenium.NewTest">
    <skipped/>
  </testcase> <!-- f -->
</testsuite> <!-- ToolsQA -->
